Determining if the pthread_create exist failed with the following output:
Change Dir: /home/ubuntu/zhichuanlen_rangenet_16/make_semantic_map/build/CMakeFiles/CMakeTmp

Run Build Command:"/usr/bin/make" "cmTC_6eca4/fast"
/usr/bin/make -f CMakeFiles/cmTC_6eca4.dir/build.make CMakeFiles/cmTC_6eca4.dir/build
make[1]: 进入目录“/home/ubuntu/zhichuanlen_rangenet_16/make_semantic_map/build/CMakeFiles/CMakeTmp”
Building C object CMakeFiles/cmTC_6eca4.dir/CheckSymbolExists.c.o
/usr/bin/cc    -o CMakeFiles/cmTC_6eca4.dir/CheckSymbolExists.c.o   -c /home/ubuntu/zhichuanlen_rangenet_16/make_semantic_map/build/CMakeFiles/CMakeTmp/CheckSymbolExists.c
Linking C executable cmTC_6eca4
/usr/bin/cmake -E cmake_link_script CMakeFiles/cmTC_6eca4.dir/link.txt --verbose=1
/usr/bin/cc      CMakeFiles/cmTC_6eca4.dir/CheckSymbolExists.c.o  -o cmTC_6eca4 
CMakeFiles/cmTC_6eca4.dir/CheckSymbolExists.c.o：在函数‘main’中：
CheckSymbolExists.c:(.text+0x1b)：对‘pthread_create’未定义的引用
collect2: error: ld returned 1 exit status
CMakeFiles/cmTC_6eca4.dir/build.make:97: recipe for target 'cmTC_6eca4' failed
make[1]: *** [cmTC_6eca4] Error 1
make[1]: 离开目录“/home/ubuntu/zhichuanlen_rangenet_16/make_semantic_map/build/CMakeFiles/CMakeTmp”
Makefile:126: recipe for target 'cmTC_6eca4/fast' failed
make: *** [cmTC_6eca4/fast] Error 2

File /home/ubuntu/zhichuanlen_rangenet_16/make_semantic_map/build/CMakeFiles/CMakeTmp/CheckSymbolExists.c:
/* */
#include <pthread.h>

int main(int argc, char** argv)
{
  (void)argv;
#ifndef pthread_create
  return ((int*)(&pthread_create))[argc];
#else
  (void)argc;
  return 0;
#endif
}

Determining if the function pthread_create exists in the pthreads failed with the following output:
Change Dir: /home/ubuntu/zhichuanlen_rangenet_16/make_semantic_map/build/CMakeFiles/CMakeTmp

Run Build Command:"/usr/bin/make" "cmTC_f32b9/fast"
/usr/bin/make -f CMakeFiles/cmTC_f32b9.dir/build.make CMakeFiles/cmTC_f32b9.dir/build
make[1]: 进入目录“/home/ubuntu/zhichuanlen_rangenet_16/make_semantic_map/build/CMakeFiles/CMakeTmp”
Building C object CMakeFiles/cmTC_f32b9.dir/CheckFunctionExists.c.o
/usr/bin/cc   -DCHECK_FUNCTION_EXISTS=pthread_create   -o CMakeFiles/cmTC_f32b9.dir/CheckFunctionExists.c.o   -c /usr/share/cmake-3.10/Modules/CheckFunctionExists.c
Linking C executable cmTC_f32b9
/usr/bin/cmake -E cmake_link_script CMakeFiles/cmTC_f32b9.dir/link.txt --verbose=1
/usr/bin/cc  -DCHECK_FUNCTION_EXISTS=pthread_create    CMakeFiles/cmTC_f32b9.dir/CheckFunctionExists.c.o  -o cmTC_f32b9 -lpthreads 
/usr/bin/ld: 找不到 -lpthreads
collect2: error: ld returned 1 exit status
CMakeFiles/cmTC_f32b9.dir/build.make:97: recipe for target 'cmTC_f32b9' failed
make[1]: *** [cmTC_f32b9] Error 1
make[1]: 离开目录“/home/ubuntu/zhichuanlen_rangenet_16/make_semantic_map/build/CMakeFiles/CMakeTmp”
Makefile:126: recipe for target 'cmTC_f32b9/fast' failed
make: *** [cmTC_f32b9/fast] Error 2


