Determining if the pthread_create exist failed with the following output:
Change Dir: /home/ubuntu/polar_ws/PolarSeg/make_dataset/build/CMakeFiles/CMakeTmp

Run Build Command:"/usr/bin/make" "cmTC_39e3d/fast"
/usr/bin/make -f CMakeFiles/cmTC_39e3d.dir/build.make CMakeFiles/cmTC_39e3d.dir/build
make[1]: 进入目录“/home/ubuntu/polar_ws/PolarSeg/make_dataset/build/CMakeFiles/CMakeTmp”
Building C object CMakeFiles/cmTC_39e3d.dir/CheckSymbolExists.c.o
/usr/bin/cc    -o CMakeFiles/cmTC_39e3d.dir/CheckSymbolExists.c.o   -c /home/ubuntu/polar_ws/PolarSeg/make_dataset/build/CMakeFiles/CMakeTmp/CheckSymbolExists.c
Linking C executable cmTC_39e3d
/usr/bin/cmake -E cmake_link_script CMakeFiles/cmTC_39e3d.dir/link.txt --verbose=1
/usr/bin/cc      CMakeFiles/cmTC_39e3d.dir/CheckSymbolExists.c.o  -o cmTC_39e3d 
CMakeFiles/cmTC_39e3d.dir/CheckSymbolExists.c.o：在函数‘main’中：
CheckSymbolExists.c:(.text+0x1b)：对‘pthread_create’未定义的引用
collect2: error: ld returned 1 exit status
CMakeFiles/cmTC_39e3d.dir/build.make:97: recipe for target 'cmTC_39e3d' failed
make[1]: *** [cmTC_39e3d] Error 1
make[1]: 离开目录“/home/ubuntu/polar_ws/PolarSeg/make_dataset/build/CMakeFiles/CMakeTmp”
Makefile:126: recipe for target 'cmTC_39e3d/fast' failed
make: *** [cmTC_39e3d/fast] Error 2

File /home/ubuntu/polar_ws/PolarSeg/make_dataset/build/CMakeFiles/CMakeTmp/CheckSymbolExists.c:
/* */
#include <pthread.h>

int main(int argc, char** argv)
{
  (void)argv;
#ifndef pthread_create
  return ((int*)(&pthread_create))[argc];
#else
  (void)argc;
  return 0;
#endif
}

Determining if the function pthread_create exists in the pthreads failed with the following output:
Change Dir: /home/ubuntu/polar_ws/PolarSeg/make_dataset/build/CMakeFiles/CMakeTmp

Run Build Command:"/usr/bin/make" "cmTC_ec7d8/fast"
/usr/bin/make -f CMakeFiles/cmTC_ec7d8.dir/build.make CMakeFiles/cmTC_ec7d8.dir/build
make[1]: 进入目录“/home/ubuntu/polar_ws/PolarSeg/make_dataset/build/CMakeFiles/CMakeTmp”
Building C object CMakeFiles/cmTC_ec7d8.dir/CheckFunctionExists.c.o
/usr/bin/cc   -DCHECK_FUNCTION_EXISTS=pthread_create   -o CMakeFiles/cmTC_ec7d8.dir/CheckFunctionExists.c.o   -c /usr/share/cmake-3.10/Modules/CheckFunctionExists.c
Linking C executable cmTC_ec7d8
/usr/bin/cmake -E cmake_link_script CMakeFiles/cmTC_ec7d8.dir/link.txt --verbose=1
/usr/bin/cc  -DCHECK_FUNCTION_EXISTS=pthread_create    CMakeFiles/cmTC_ec7d8.dir/CheckFunctionExists.c.o  -o cmTC_ec7d8 -lpthreads 
/usr/bin/ld: 找不到 -lpthreads
collect2: error: ld returned 1 exit status
CMakeFiles/cmTC_ec7d8.dir/build.make:97: recipe for target 'cmTC_ec7d8' failed
make[1]: *** [cmTC_ec7d8] Error 1
make[1]: 离开目录“/home/ubuntu/polar_ws/PolarSeg/make_dataset/build/CMakeFiles/CMakeTmp”
Makefile:126: recipe for target 'cmTC_ec7d8/fast' failed
make: *** [cmTC_ec7d8/fast] Error 2


